<?xml version="1.0" encoding="UTF-8" ?>
<testsuite tests="13" failures="0" name="net.noisynarwhal.albrecht.square.MatricesTest" time="0.012" errors="0" skipped="0">
  <properties>
[...]
</properties>
  <testcase classname="net.noisynarwhal.albrecht.square.MatricesTest" name="testSwitchValues" time="0.006"/>
  <testcase classname="net.noisynarwhal.albrecht.square.MatricesTest" name="testStandardize" time="0"/>
  <testcase classname="net.noisynarwhal.albrecht.square.MatricesTest" name="testValuesEqual" time="0"/>
  <testcase classname="net.noisynarwhal.albrecht.square.MatricesTest" name="testCopy" time="0"/>
  <testcase classname="net.noisynarwhal.albrecht.square.MatricesTest" name="testRead" time="0"/>
  <testcase classname="net.noisynarwhal.albrecht.square.MatricesTest" name="testSwitchCols" time="0"/>
  <testcase classname="net.noisynarwhal.albrecht.square.MatricesTest" name="testSwitchRows" time="0"/>
  <testcase classname="net.noisynarwhal.albrecht.square.MatricesTest" name="testPrint_intArrArr" time="0"/>
  <testcase classname="net.noisynarwhal.albrecht.square.MatricesTest" name="testPrint_intArrArr_Writer" time="0.001"/>
  <testcase classname="net.noisynarwhal.albrecht.square.MatricesTest" name="testMirror" time="0"/>
  <testcase classname="net.noisynarwhal.albrecht.square.MatricesTest" name="testIsMagic" time="0.002"/>
  <testcase classname="net.noisynarwhal.albrecht.square.MatricesTest" name="testRotate" time="0"/>
  <testcase classname="net.noisynarwhal.albrecht.square.MatricesTest" name="testTranspose" time="0.003"/>
</testsuite>